[0.327s] DEBUG:colcon:Command line arguments: ['/usr/bin/colcon', 'build', '--packages-select', 'pub_test', '--symlink-install']
[0.327s] DEBUG:colcon:Parsed command line arguments: Namespace(log_base=None, log_level=None, verb_name='build', build_base='build', install_base='install', merge_install=False, symlink_install=True, test_result_base=None, continue_on_error=False, executor='parallel', parallel_workers=4, event_handlers=None, ignore_user_meta=False, metas=['./colcon.meta'], base_paths=['.'], packages_ignore=None, packages_ignore_regex=None, paths=None, packages_up_to=None, packages_up_to_regex=None, packages_above=None, packages_above_and_dependencies=None, packages_above_depth=None, packages_select_by_dep=None, packages_skip_by_dep=None, packages_skip_up_to=None, packages_select_build_failed=False, packages_skip_build_finished=False, packages_select_test_failures=False, packages_skip_test_passed=False, packages_select=['pub_test'], packages_skip=None, packages_select_regex=None, packages_skip_regex=None, packages_start=None, packages_end=None, allow_overriding=[], cmake_args=None, cmake_target=None, cmake_target_skip_unavailable=False, cmake_clean_cache=False, cmake_clean_first=False, cmake_force_configure=False, ament_cmake_args=None, catkin_cmake_args=None, catkin_skip_building_tests=False, verb_parser=<colcon_defaults.argument_parser.defaults.DefaultArgumentsDecorator object at 0x7f45fc2d9060>, verb_extension=<colcon_core.verb.build.BuildVerb object at 0x7f45fc462470>, main=<bound method BuildVerb.main of <colcon_core.verb.build.BuildVerb object at 0x7f45fc462470>>)
[0.561s] Level 1:colcon.colcon_core.package_discovery:discover_packages(colcon_meta) check parameters
[0.561s] Level 1:colcon.colcon_core.package_discovery:discover_packages(recursive) check parameters
[0.561s] Level 1:colcon.colcon_core.package_discovery:discover_packages(ignore) check parameters
[0.561s] Level 1:colcon.colcon_core.package_discovery:discover_packages(path) check parameters
[0.561s] Level 1:colcon.colcon_core.package_discovery:discover_packages(colcon_meta) discover
[0.561s] Level 1:colcon.colcon_core.package_discovery:discover_packages(recursive) discover
[0.561s] INFO:colcon.colcon_core.package_discovery:Crawling recursively for packages in '/home/evangelista/ros2_ws'
[0.562s] Level 1:colcon.colcon_core.package_identification:_identify(.) by extensions ['ignore', 'ignore_ament_install']
[0.562s] Level 1:colcon.colcon_core.package_identification:_identify(.) by extension 'ignore'
[0.562s] Level 1:colcon.colcon_core.package_identification:_identify(.) by extension 'ignore_ament_install'
[0.562s] Level 1:colcon.colcon_core.package_identification:_identify(.) by extensions ['colcon_pkg']
[0.562s] Level 1:colcon.colcon_core.package_identification:_identify(.) by extension 'colcon_pkg'
[0.562s] Level 1:colcon.colcon_core.package_identification:_identify(.) by extensions ['colcon_meta']
[0.562s] Level 1:colcon.colcon_core.package_identification:_identify(.) by extension 'colcon_meta'
[0.562s] Level 1:colcon.colcon_core.package_identification:_identify(.) by extensions ['ros']
[0.562s] Level 1:colcon.colcon_core.package_identification:_identify(.) by extension 'ros'
[0.574s] Level 1:colcon.colcon_core.package_identification:_identify(.) by extensions ['cmake', 'python']
[0.574s] Level 1:colcon.colcon_core.package_identification:_identify(.) by extension 'cmake'
[0.574s] Level 1:colcon.colcon_core.package_identification:_identify(.) by extension 'python'
[0.574s] Level 1:colcon.colcon_core.package_identification:_identify(.) by extensions ['python_setup_py']
[0.575s] Level 1:colcon.colcon_core.package_identification:_identify(.) by extension 'python_setup_py'
[0.575s] Level 1:colcon.colcon_core.package_identification:_identify(build) by extensions ['ignore', 'ignore_ament_install']
[0.575s] Level 1:colcon.colcon_core.package_identification:_identify(build) by extension 'ignore'
[0.575s] Level 1:colcon.colcon_core.package_identification:_identify(build) ignored
[0.575s] Level 1:colcon.colcon_core.package_identification:_identify(config) by extensions ['ignore', 'ignore_ament_install']
[0.575s] Level 1:colcon.colcon_core.package_identification:_identify(config) by extension 'ignore'
[0.575s] Level 1:colcon.colcon_core.package_identification:_identify(config) by extension 'ignore_ament_install'
[0.575s] Level 1:colcon.colcon_core.package_identification:_identify(config) by extensions ['colcon_pkg']
[0.575s] Level 1:colcon.colcon_core.package_identification:_identify(config) by extension 'colcon_pkg'
[0.575s] Level 1:colcon.colcon_core.package_identification:_identify(config) by extensions ['colcon_meta']
[0.576s] Level 1:colcon.colcon_core.package_identification:_identify(config) by extension 'colcon_meta'
[0.576s] Level 1:colcon.colcon_core.package_identification:_identify(config) by extensions ['ros']
[0.576s] Level 1:colcon.colcon_core.package_identification:_identify(config) by extension 'ros'
[0.576s] Level 1:colcon.colcon_core.package_identification:_identify(config) by extensions ['cmake', 'python']
[0.576s] Level 1:colcon.colcon_core.package_identification:_identify(config) by extension 'cmake'
[0.576s] Level 1:colcon.colcon_core.package_identification:_identify(config) by extension 'python'
[0.576s] Level 1:colcon.colcon_core.package_identification:_identify(config) by extensions ['python_setup_py']
[0.576s] Level 1:colcon.colcon_core.package_identification:_identify(config) by extension 'python_setup_py'
[0.576s] Level 1:colcon.colcon_core.package_identification:_identify(install) by extensions ['ignore', 'ignore_ament_install']
[0.576s] Level 1:colcon.colcon_core.package_identification:_identify(install) by extension 'ignore'
[0.576s] Level 1:colcon.colcon_core.package_identification:_identify(install) ignored
[0.576s] Level 1:colcon.colcon_core.package_identification:_identify(launch) by extensions ['ignore', 'ignore_ament_install']
[0.577s] Level 1:colcon.colcon_core.package_identification:_identify(launch) by extension 'ignore'
[0.577s] Level 1:colcon.colcon_core.package_identification:_identify(launch) by extension 'ignore_ament_install'
[0.577s] Level 1:colcon.colcon_core.package_identification:_identify(launch) by extensions ['colcon_pkg']
[0.577s] Level 1:colcon.colcon_core.package_identification:_identify(launch) by extension 'colcon_pkg'
[0.577s] Level 1:colcon.colcon_core.package_identification:_identify(launch) by extensions ['colcon_meta']
[0.577s] Level 1:colcon.colcon_core.package_identification:_identify(launch) by extension 'colcon_meta'
[0.577s] Level 1:colcon.colcon_core.package_identification:_identify(launch) by extensions ['ros']
[0.577s] Level 1:colcon.colcon_core.package_identification:_identify(launch) by extension 'ros'
[0.577s] Level 1:colcon.colcon_core.package_identification:_identify(launch) by extensions ['cmake', 'python']
[0.577s] Level 1:colcon.colcon_core.package_identification:_identify(launch) by extension 'cmake'
[0.577s] Level 1:colcon.colcon_core.package_identification:_identify(launch) by extension 'python'
[0.577s] Level 1:colcon.colcon_core.package_identification:_identify(launch) by extensions ['python_setup_py']
[0.577s] Level 1:colcon.colcon_core.package_identification:_identify(launch) by extension 'python_setup_py'
[0.578s] Level 1:colcon.colcon_core.package_identification:_identify(log) by extensions ['ignore', 'ignore_ament_install']
[0.578s] Level 1:colcon.colcon_core.package_identification:_identify(log) by extension 'ignore'
[0.578s] Level 1:colcon.colcon_core.package_identification:_identify(log) ignored
[0.578s] Level 1:colcon.colcon_core.package_identification:_identify(src) by extensions ['ignore', 'ignore_ament_install']
[0.578s] Level 1:colcon.colcon_core.package_identification:_identify(src) by extension 'ignore'
[0.578s] Level 1:colcon.colcon_core.package_identification:_identify(src) by extension 'ignore_ament_install'
[0.578s] Level 1:colcon.colcon_core.package_identification:_identify(src) by extensions ['colcon_pkg']
[0.578s] Level 1:colcon.colcon_core.package_identification:_identify(src) by extension 'colcon_pkg'
[0.578s] Level 1:colcon.colcon_core.package_identification:_identify(src) by extensions ['colcon_meta']
[0.578s] Level 1:colcon.colcon_core.package_identification:_identify(src) by extension 'colcon_meta'
[0.578s] Level 1:colcon.colcon_core.package_identification:_identify(src) by extensions ['ros']
[0.578s] Level 1:colcon.colcon_core.package_identification:_identify(src) by extension 'ros'
[0.579s] Level 1:colcon.colcon_core.package_identification:_identify(src) by extensions ['cmake', 'python']
[0.579s] Level 1:colcon.colcon_core.package_identification:_identify(src) by extension 'cmake'
[0.579s] Level 1:colcon.colcon_core.package_identification:_identify(src) by extension 'python'
[0.579s] Level 1:colcon.colcon_core.package_identification:_identify(src) by extensions ['python_setup_py']
[0.579s] Level 1:colcon.colcon_core.package_identification:_identify(src) by extension 'python_setup_py'
[0.579s] Level 1:colcon.colcon_core.package_identification:_identify(src/meu_test) by extensions ['ignore', 'ignore_ament_install']
[0.579s] Level 1:colcon.colcon_core.package_identification:_identify(src/meu_test) by extension 'ignore'
[0.579s] Level 1:colcon.colcon_core.package_identification:_identify(src/meu_test) by extension 'ignore_ament_install'
[0.579s] Level 1:colcon.colcon_core.package_identification:_identify(src/meu_test) by extensions ['colcon_pkg']
[0.579s] Level 1:colcon.colcon_core.package_identification:_identify(src/meu_test) by extension 'colcon_pkg'
[0.579s] Level 1:colcon.colcon_core.package_identification:_identify(src/meu_test) by extensions ['colcon_meta']
[0.579s] Level 1:colcon.colcon_core.package_identification:_identify(src/meu_test) by extension 'colcon_meta'
[0.579s] Level 1:colcon.colcon_core.package_identification:_identify(src/meu_test) by extensions ['ros']
[0.579s] Level 1:colcon.colcon_core.package_identification:_identify(src/meu_test) by extension 'ros'
[0.582s] DEBUG:colcon.colcon_core.package_identification:Package 'src/meu_test' with type 'ros.ament_python' and name 'meu_test'
[0.582s] Level 1:colcon.colcon_core.package_identification:_identify(src/pub_test) by extensions ['ignore', 'ignore_ament_install']
[0.582s] Level 1:colcon.colcon_core.package_identification:_identify(src/pub_test) by extension 'ignore'
[0.583s] Level 1:colcon.colcon_core.package_identification:_identify(src/pub_test) by extension 'ignore_ament_install'
[0.583s] Level 1:colcon.colcon_core.package_identification:_identify(src/pub_test) by extensions ['colcon_pkg']
[0.583s] Level 1:colcon.colcon_core.package_identification:_identify(src/pub_test) by extension 'colcon_pkg'
[0.583s] Level 1:colcon.colcon_core.package_identification:_identify(src/pub_test) by extensions ['colcon_meta']
[0.583s] Level 1:colcon.colcon_core.package_identification:_identify(src/pub_test) by extension 'colcon_meta'
[0.583s] Level 1:colcon.colcon_core.package_identification:_identify(src/pub_test) by extensions ['ros']
[0.583s] Level 1:colcon.colcon_core.package_identification:_identify(src/pub_test) by extension 'ros'
[0.584s] DEBUG:colcon.colcon_core.package_identification:Package 'src/pub_test' with type 'ros.ament_python' and name 'pub_test'
[0.584s] Level 1:colcon.colcon_core.package_discovery:discover_packages(recursive) using defaults
[0.584s] Level 1:colcon.colcon_core.package_discovery:discover_packages(ignore) discover
[0.584s] Level 1:colcon.colcon_core.package_discovery:discover_packages(ignore) using defaults
[0.584s] Level 1:colcon.colcon_core.package_discovery:discover_packages(path) discover
[0.584s] Level 1:colcon.colcon_core.package_discovery:discover_packages(path) using defaults
[0.616s] INFO:colcon.colcon_core.package_selection:Skipping not selected package 'meu_test' in 'src/meu_test'
[0.617s] Level 1:colcon.colcon_core.package_discovery:discover_packages(prefix_path) check parameters
[0.617s] Level 1:colcon.colcon_core.package_discovery:discover_packages(prefix_path) discover
[0.618s] DEBUG:colcon.colcon_installed_package_information.package_discovery:Found 3 installed packages in /home/evangelista/ros2_ws/install
[0.619s] DEBUG:colcon.colcon_installed_package_information.package_discovery:Found 295 installed packages in /opt/ros/humble
[0.621s] Level 1:colcon.colcon_core.package_discovery:discover_packages(prefix_path) using defaults
[0.660s] Level 5:colcon.colcon_core.verb:set package 'pub_test' build argument 'cmake_args' from command line to 'None'
[0.660s] Level 5:colcon.colcon_core.verb:set package 'pub_test' build argument 'cmake_target' from command line to 'None'
[0.661s] Level 5:colcon.colcon_core.verb:set package 'pub_test' build argument 'cmake_target_skip_unavailable' from command line to 'False'
[0.661s] Level 5:colcon.colcon_core.verb:set package 'pub_test' build argument 'cmake_clean_cache' from command line to 'False'
[0.661s] Level 5:colcon.colcon_core.verb:set package 'pub_test' build argument 'cmake_clean_first' from command line to 'False'
[0.661s] Level 5:colcon.colcon_core.verb:set package 'pub_test' build argument 'cmake_force_configure' from command line to 'False'
[0.661s] Level 5:colcon.colcon_core.verb:set package 'pub_test' build argument 'ament_cmake_args' from command line to 'None'
[0.661s] Level 5:colcon.colcon_core.verb:set package 'pub_test' build argument 'catkin_cmake_args' from command line to 'None'
[0.661s] Level 5:colcon.colcon_core.verb:set package 'pub_test' build argument 'catkin_skip_building_tests' from command line to 'False'
[0.661s] DEBUG:colcon.colcon_core.verb:Building package 'pub_test' with the following arguments: {'ament_cmake_args': None, 'build_base': '/home/evangelista/ros2_ws/build/pub_test', 'catkin_cmake_args': None, 'catkin_skip_building_tests': False, 'cmake_args': None, 'cmake_clean_cache': False, 'cmake_clean_first': False, 'cmake_force_configure': False, 'cmake_target': None, 'cmake_target_skip_unavailable': False, 'install_base': '/home/evangelista/ros2_ws/install/pub_test', 'merge_install': False, 'path': '/home/evangelista/ros2_ws/src/pub_test', 'symlink_install': True, 'test_result_base': None}
[0.661s] INFO:colcon.colcon_core.executor:Executing jobs using 'parallel' executor
[0.663s] DEBUG:colcon.colcon_parallel_executor.executor.parallel:run_until_complete
[0.663s] INFO:colcon.colcon_ros.task.ament_python.build:Building ROS package in '/home/evangelista/ros2_ws/src/pub_test' with build type 'ament_python'
[0.663s] Level 1:colcon.colcon_core.shell:create_environment_hook('pub_test', 'ament_prefix_path')
[0.667s] INFO:colcon.colcon_core.plugin_system:Skipping extension 'colcon_core.shell.bat': Not used on non-Windows systems
[0.667s] INFO:colcon.colcon_core.shell:Creating environment hook '/home/evangelista/ros2_ws/install/pub_test/share/pub_test/hook/ament_prefix_path.ps1'
[0.668s] INFO:colcon.colcon_core.shell:Creating environment descriptor '/home/evangelista/ros2_ws/install/pub_test/share/pub_test/hook/ament_prefix_path.dsv'
[0.668s] INFO:colcon.colcon_core.shell:Creating environment hook '/home/evangelista/ros2_ws/install/pub_test/share/pub_test/hook/ament_prefix_path.sh'
[0.669s] INFO:colcon.colcon_core.shell:Skip shell extension 'powershell' for command environment: Not usable outside of PowerShell
[0.669s] DEBUG:colcon.colcon_core.shell:Skip shell extension 'dsv' for command environment
[1.050s] INFO:colcon.colcon_core.task.python.build:Building Python package in '/home/evangelista/ros2_ws/src/pub_test'
[1.051s] INFO:colcon.colcon_core.shell:Skip shell extension 'powershell' for command environment: Not usable outside of PowerShell
[1.051s] DEBUG:colcon.colcon_core.shell:Skip shell extension 'dsv' for command environment
[1.610s] DEBUG:colcon.colcon_core.event_handler.log_command:Invoking command in '/home/evangelista/ros2_ws/build/pub_test': PYTHONPATH=/home/evangelista/ros2_ws/build/pub_test/prefix_override:/usr/lib/python3/dist-packages/colcon_core/task/python/colcon_distutils_commands:/home/evangelista/ros2_ws/install/pub_test/lib/python3.10/site-packages:${PYTHONPATH} /usr/bin/python3 -W ignore:setup.py install is deprecated -W ignore:easy_install command is deprecated setup.py develop --editable --build-directory /home/evangelista/ros2_ws/build/pub_test/build --no-deps symlink_data
[2.360s] Level 1:colcon.colcon_core.shell:create_environment_hook('pub_test', 'pythonpath_develop')
[2.360s] INFO:colcon.colcon_core.shell:Creating environment hook '/home/evangelista/ros2_ws/build/pub_test/share/pub_test/hook/pythonpath_develop.ps1'
[2.361s] INFO:colcon.colcon_core.shell:Creating environment descriptor '/home/evangelista/ros2_ws/build/pub_test/share/pub_test/hook/pythonpath_develop.dsv'
[2.362s] DEBUG:colcon.colcon_core.event_handler.log_command:Invoked command in '/home/evangelista/ros2_ws/build/pub_test' returned '0': PYTHONPATH=/home/evangelista/ros2_ws/build/pub_test/prefix_override:/usr/lib/python3/dist-packages/colcon_core/task/python/colcon_distutils_commands:/home/evangelista/ros2_ws/install/pub_test/lib/python3.10/site-packages:${PYTHONPATH} /usr/bin/python3 -W ignore:setup.py install is deprecated -W ignore:easy_install command is deprecated setup.py develop --editable --build-directory /home/evangelista/ros2_ws/build/pub_test/build --no-deps symlink_data
[2.363s] INFO:colcon.colcon_core.shell:Creating environment hook '/home/evangelista/ros2_ws/build/pub_test/share/pub_test/hook/pythonpath_develop.sh'
[2.367s] Level 1:colcon.colcon_core.environment:checking '/home/evangelista/ros2_ws/install/pub_test' for CMake module files
[2.368s] Level 1:colcon.colcon_core.environment:checking '/home/evangelista/ros2_ws/install/pub_test' for CMake config files
[2.368s] Level 1:colcon.colcon_core.environment:checking '/home/evangelista/ros2_ws/install/pub_test/lib'
[2.369s] Level 1:colcon.colcon_core.environment:checking '/home/evangelista/ros2_ws/install/pub_test/bin'
[2.369s] Level 1:colcon.colcon_core.environment:checking '/home/evangelista/ros2_ws/install/pub_test/lib/pkgconfig/pub_test.pc'
[2.369s] Level 1:colcon.colcon_core.environment:checking '/home/evangelista/ros2_ws/install/pub_test/lib/python3.10/site-packages'
[2.370s] Level 1:colcon.colcon_core.shell:create_environment_hook('pub_test', 'pythonpath')
[2.370s] INFO:colcon.colcon_core.shell:Creating environment hook '/home/evangelista/ros2_ws/install/pub_test/share/pub_test/hook/pythonpath.ps1'
[2.371s] INFO:colcon.colcon_core.shell:Creating environment descriptor '/home/evangelista/ros2_ws/install/pub_test/share/pub_test/hook/pythonpath.dsv'
[2.371s] INFO:colcon.colcon_core.shell:Creating environment hook '/home/evangelista/ros2_ws/install/pub_test/share/pub_test/hook/pythonpath.sh'
[2.373s] Level 1:colcon.colcon_core.environment:checking '/home/evangelista/ros2_ws/install/pub_test/bin'
[2.373s] Level 1:colcon.colcon_core.environment:create_environment_scripts_only(pub_test)
[2.373s] INFO:colcon.colcon_core.shell:Creating package script '/home/evangelista/ros2_ws/install/pub_test/share/pub_test/package.ps1'
[2.375s] INFO:colcon.colcon_core.shell:Creating package descriptor '/home/evangelista/ros2_ws/install/pub_test/share/pub_test/package.dsv'
[2.376s] INFO:colcon.colcon_core.shell:Creating package script '/home/evangelista/ros2_ws/install/pub_test/share/pub_test/package.sh'
[2.377s] INFO:colcon.colcon_core.shell:Creating package script '/home/evangelista/ros2_ws/install/pub_test/share/pub_test/package.bash'
[2.378s] INFO:colcon.colcon_core.shell:Creating package script '/home/evangelista/ros2_ws/install/pub_test/share/pub_test/package.zsh'
[2.378s] Level 1:colcon.colcon_core.environment:create_file_with_runtime_dependencies(/home/evangelista/ros2_ws/install/pub_test/share/colcon-core/packages/pub_test)
[2.379s] DEBUG:colcon.colcon_parallel_executor.executor.parallel:closing loop
[2.380s] DEBUG:colcon.colcon_parallel_executor.executor.parallel:loop closed
[2.380s] DEBUG:colcon.colcon_parallel_executor.executor.parallel:run_until_complete finished with '0'
[2.381s] DEBUG:colcon.colcon_core.event_reactor:joining thread
[2.387s] INFO:colcon.colcon_core.plugin_system:Skipping extension 'colcon_notification.desktop_notification.terminal_notifier': Not used on non-Darwin systems
[2.387s] INFO:colcon.colcon_core.plugin_system:Skipping extension 'colcon_notification.desktop_notification.win32': Not used on non-Windows systems
[2.387s] INFO:colcon.colcon_notification.desktop_notification:Sending desktop notification using 'notify2'
[2.388s] DEBUG:colcon.colcon_notification.desktop_notification.notify2:Failed to initialize notify2: org.freedesktop.DBus.Error.FileNotFound: Failed to connect to socket /run/user/1000/bus: No such file or directory
[2.388s] DEBUG:colcon.colcon_core.event_reactor:joined thread
[2.388s] INFO:colcon.colcon_core.shell:Creating prefix script '/home/evangelista/ros2_ws/install/local_setup.ps1'
[2.390s] INFO:colcon.colcon_core.shell:Creating prefix util module '/home/evangelista/ros2_ws/install/_local_setup_util_ps1.py'
[2.392s] INFO:colcon.colcon_core.shell:Creating prefix chain script '/home/evangelista/ros2_ws/install/setup.ps1'
[2.393s] INFO:colcon.colcon_core.shell:Creating prefix script '/home/evangelista/ros2_ws/install/local_setup.sh'
[2.394s] INFO:colcon.colcon_core.shell:Creating prefix util module '/home/evangelista/ros2_ws/install/_local_setup_util_sh.py'
[2.395s] INFO:colcon.colcon_core.shell:Creating prefix chain script '/home/evangelista/ros2_ws/install/setup.sh'
[2.396s] INFO:colcon.colcon_core.shell:Creating prefix script '/home/evangelista/ros2_ws/install/local_setup.bash'
[2.397s] INFO:colcon.colcon_core.shell:Creating prefix chain script '/home/evangelista/ros2_ws/install/setup.bash'
[2.398s] INFO:colcon.colcon_core.shell:Creating prefix script '/home/evangelista/ros2_ws/install/local_setup.zsh'
[2.398s] INFO:colcon.colcon_core.shell:Creating prefix chain script '/home/evangelista/ros2_ws/install/setup.zsh'
